The system is: Linux - 5.4.1-137.current - x86_64
Compiling the C compiler identification source file "CMakeCCompilerId.c" succeeded.
Compiler: /usr/bin/cc 
Build flags: 
Id flags:  

The output was:
0


Compilation of the C compiler identification source "CMakeCCompilerId.c" produced "a.out"

The C compiler identification is GNU, found in "/home/joao/CLionProjects/testandocpp/cmake-build-debug/CMakeFiles/3.15.3/CompilerIdC/a.out"

Compiling the CXX compiler identification source file "CMakeCXXCompilerId.cpp" succeeded.
Compiler: /usr/bin/c++ 
Build flags: 
Id flags:  

The output was:
0


Compilation of the CXX compiler identification source "CMakeCXXCompilerId.cpp" produced "a.out"

The CXX compiler identification is GNU, found in "/home/joao/CLionProjects/testandocpp/cmake-build-debug/CMakeFiles/3.15.3/CompilerIdCXX/a.out"

Determining if the C compiler works passed with the following output:
Change Dir: /home/joao/CLionProjects/testandocpp/cmake-build-debug/CMakeFiles/CMakeTmp

Run Build Command(s):/usr/bin/gmake cmTC_97238/fast && /usr/bin/gmake -f CMakeFiles/cmTC_97238.dir/build.make CMakeFiles/cmTC_97238.dir/build
gmake[1]: Entering directory '/home/joao/CLionProjects/testandocpp/cmake-build-debug/CMakeFiles/CMakeTmp'
Building C object CMakeFiles/cmTC_97238.dir/testCCompiler.c.o
/usr/bin/cc    -o CMakeFiles/cmTC_97238.dir/testCCompiler.c.o   -c /home/joao/CLionProjects/testandocpp/cmake-build-debug/CMakeFiles/CMakeTmp/testCCompiler.c
Linking C executable cmTC_97238
/opt/clion/bin/cmake/linux/bin/cmake -E cmake_link_script CMakeFiles/cmTC_97238.dir/link.txt --verbose=1
/usr/bin/cc      CMakeFiles/cmTC_97238.dir/testCCompiler.c.o  -o cmTC_97238 
gmake[1]: Leaving directory '/home/joao/CLionProjects/testandocpp/cmake-build-debug/CMakeFiles/CMakeTmp'



Detecting C compiler ABI info compiled with the following output:
Change Dir: /home/joao/CLionProjects/testandocpp/cmake-build-debug/CMakeFiles/CMakeTmp

Run Build Command(s):/usr/bin/gmake cmTC_7b359/fast && /usr/bin/gmake -f CMakeFiles/cmTC_7b359.dir/build.make CMakeFiles/cmTC_7b359.dir/build
gmake[1]: Entering directory '/home/joao/CLionProjects/testandocpp/cmake-build-debug/CMakeFiles/CMakeTmp'
Building C object CMakeFiles/cmTC_7b359.dir/CMakeCCompilerABI.c.o
/usr/bin/cc   -v -o CMakeFiles/cmTC_7b359.dir/CMakeCCompilerABI.c.o   -c /opt/clion/bin/cmake/linux/share/cmake-3.15/Modules/CMakeCCompilerABI.c
Using built-in specs.
COLLECT_GCC=/usr/bin/cc
Target: x86_64-solus-linux
Configured with: ../configure --prefix=/usr --with-pkgversion=Solus --libdir=/usr/lib64 --libexecdir=/usr/lib64 --with-system-zlib --enable-shared --enable-threads=posix --enable-gnu-indirect-function --enable-__cxa_atexit --enable-plugin --enable-gold --enable-ld=default --enable-clocale=gnu --enable-multilib --with-multilib-list=m32,m64 --enable-lto --with-gcc-major-version-only --with-bugurl=https://dev.getsol.us/ --with-arch_32=i686 --enable-linker-build-id --with-linker-hash-style=gnu --with-gnu-ld --build=x86_64-solus-linux --target=x86_64-solus-linux --enable-languages=c,c++,fortran
Thread model: posix
gcc version 9.2.0 (Solus) 
COLLECT_GCC_OPTIONS='-v' '-o' 'CMakeFiles/cmTC_7b359.dir/CMakeCCompilerABI.c.o' '-c' '-mtune=generic' '-march=x86-64'
 /usr/lib64/gcc/x86_64-solus-linux/9/cc1 -quiet -v /opt/clion/bin/cmake/linux/share/cmake-3.15/Modules/CMakeCCompilerABI.c -quiet -dumpbase CMakeCCompilerABI.c -mtune=generic -march=x86-64 -auxbase-strip CMakeFiles/cmTC_7b359.dir/CMakeCCompilerABI.c.o -version -o /tmp/ccAJKRRy.s
GNU C17 (Solus) version 9.2.0 (x86_64-solus-linux)
	compiled by GNU C version 9.2.0, GMP version 6.1.2, MPFR version 4.0.2, MPC version 1.1.0, isl version isl-0.21-GMP

GGC heuristics: --param ggc-min-expand=100 --param ggc-min-heapsize=131072
ignoring nonexistent directory "/usr/local/include"
ignoring nonexistent directory "/usr/lib64/gcc/x86_64-solus-linux/9/../../../../x86_64-solus-linux/include"
#include "..." search starts here:
#include <...> search starts here:
 /usr/lib64/gcc/x86_64-solus-linux/9/include
 /usr/lib64/gcc/x86_64-solus-linux/9/include-fixed
 /usr/include
End of search list.
GNU C17 (Solus) version 9.2.0 (x86_64-solus-linux)
	compiled by GNU C version 9.2.0, GMP version 6.1.2, MPFR version 4.0.2, MPC version 1.1.0, isl version isl-0.21-GMP

GGC heuristics: --param ggc-min-expand=100 --param ggc-min-heapsize=131072
Compiler executable checksum: c5ab9092c676a712230a4d7751f4b934
COLLECT_GCC_OPTIONS='-v' '-o' 'CMakeFiles/cmTC_7b359.dir/CMakeCCompilerABI.c.o' '-c' '-mtune=generic' '-march=x86-64'
 as -v --64 -o CMakeFiles/cmTC_7b359.dir/CMakeCCompilerABI.c.o /tmp/ccAJKRRy.s
GNU assembler version 2.32 (x86_64-solus-linux) using BFD version (GNU Binutils) 2.32
COMPILER_PATH=/usr/lib64/gcc/x86_64-solus-linux/9/:/usr/lib64/gcc/x86_64-solus-linux/9/:/usr/lib64/gcc/x86_64-solus-linux/:/usr/lib64/gcc/x86_64-solus-linux/9/:/usr/lib64/gcc/x86_64-solus-linux/
LIBRARY_PATH=/usr/lib64/gcc/x86_64-solus-linux/9/:/usr/lib64/gcc/x86_64-solus-linux/9/../../../../lib64/:/lib/../lib64/:/usr/lib/../lib64/:/usr/lib64/gcc/x86_64-solus-linux/9/../../../:/lib/:/usr/lib/
COLLECT_GCC_OPTIONS='-v' '-o' 'CMakeFiles/cmTC_7b359.dir/CMakeCCompilerABI.c.o' '-c' '-mtune=generic' '-march=x86-64'
Linking C executable cmTC_7b359
/opt/clion/bin/cmake/linux/bin/cmake -E cmake_link_script CMakeFiles/cmTC_7b359.dir/link.txt --verbose=1
/usr/bin/cc     -v CMakeFiles/cmTC_7b359.dir/CMakeCCompilerABI.c.o  -o cmTC_7b359 
Using built-in specs.
COLLECT_GCC=/usr/bin/cc
COLLECT_LTO_WRAPPER=/usr/lib64/gcc/x86_64-solus-linux/9/lto-wrapper
Target: x86_64-solus-linux
Configured with: ../configure --prefix=/usr --with-pkgversion=Solus --libdir=/usr/lib64 --libexecdir=/usr/lib64 --with-system-zlib --enable-shared --enable-threads=posix --enable-gnu-indirect-function --enable-__cxa_atexit --enable-plugin --enable-gold --enable-ld=default --enable-clocale=gnu --enable-multilib --with-multilib-list=m32,m64 --enable-lto --with-gcc-major-version-only --with-bugurl=https://dev.getsol.us/ --with-arch_32=i686 --enable-linker-build-id --with-linker-hash-style=gnu --with-gnu-ld --build=x86_64-solus-linux --target=x86_64-solus-linux --enable-languages=c,c++,fortran
Thread model: posix
gcc version 9.2.0 (Solus) 
COMPILER_PATH=/usr/lib64/gcc/x86_64-solus-linux/9/:/usr/lib64/gcc/x86_64-solus-linux/9/:/usr/lib64/gcc/x86_64-solus-linux/:/usr/lib64/gcc/x86_64-solus-linux/9/:/usr/lib64/gcc/x86_64-solus-linux/
LIBRARY_PATH=/usr/lib64/gcc/x86_64-solus-linux/9/:/usr/lib64/gcc/x86_64-solus-linux/9/../../../../lib64/:/lib/../lib64/:/usr/lib/../lib64/:/usr/lib64/gcc/x86_64-solus-linux/9/../../../:/lib/:/usr/lib/
COLLECT_GCC_OPTIONS='-v' '-o' 'cmTC_7b359' '-mtune=generic' '-march=x86-64'
 /usr/lib64/gcc/x86_64-solus-linux/9/collect2 -plugin /usr/lib64/gcc/x86_64-solus-linux/9/liblto_plugin.so -plugin-opt=/usr/lib64/gcc/x86_64-solus-linux/9/lto-wrapper -plugin-opt=-fresolution=/tmp/cc9HV2hC.res -plugin-opt=-pass-through=-lgcc -plugin-opt=-pass-through=-lgcc_s -plugin-opt=-pass-through=-lc -plugin-opt=-pass-through=-lgcc -plugin-opt=-pass-through=-lgcc_s --build-id --eh-frame-hdr --hash-style=gnu -m elf_x86_64 -dynamic-linker /usr/lib64/ld-linux-x86-64.so.2 -o cmTC_7b359 /usr/lib64/gcc/x86_64-solus-linux/9/../../../../lib64/crt1.o /usr/lib64/gcc/x86_64-solus-linux/9/../../../../lib64/crti.o /usr/lib64/gcc/x86_64-solus-linux/9/crtbegin.o -L/usr/lib64/gcc/x86_64-solus-linux/9 -L/usr/lib64/gcc/x86_64-solus-linux/9/../../../../lib64 -L/lib/../lib64 -L/usr/lib/../lib64 -L/usr/lib64/gcc/x86_64-solus-linux/9/../../.. CMakeFiles/cmTC_7b359.dir/CMakeCCompilerABI.c.o -lgcc --push-state --as-needed -lgcc_s --pop-state -lc -lgcc --push-state --as-needed -lgcc_s --pop-state /usr/lib64/gcc/x86_64-solus-linux/9/crtend.o /usr/lib64/gcc/x86_64-solus-linux/9/../../../../lib64/crtn.o
COLLECT_GCC_OPTIONS='-v' '-o' 'cmTC_7b359' '-mtune=generic' '-march=x86-64'
gmake[1]: Leaving directory '/home/joao/CLionProjects/testandocpp/cmake-build-debug/CMakeFiles/CMakeTmp'



Parsed C implicit include dir info from above output: rv=done
  found start of include info
  found start of implicit include info
    add: [/usr/lib64/gcc/x86_64-solus-linux/9/include]
    add: [/usr/lib64/gcc/x86_64-solus-linux/9/include-fixed]
    add: [/usr/include]
  end of search list found
  collapse include dir [/usr/lib64/gcc/x86_64-solus-linux/9/include] ==> [/usr/lib64/gcc/x86_64-solus-linux/9/include]
  collapse include dir [/usr/lib64/gcc/x86_64-solus-linux/9/include-fixed] ==> [/usr/lib64/gcc/x86_64-solus-linux/9/include-fixed]
  collapse include dir [/usr/include] ==> [/usr/include]
  implicit include dirs: [/usr/lib64/gcc/x86_64-solus-linux/9/include;/usr/lib64/gcc/x86_64-solus-linux/9/include-fixed;/usr/include]


Parsed C implicit link information from above output:
  link line regex: [^( *|.*[/\])(ld|CMAKE_LINK_STARTFILE-NOTFOUND|([^/\]+-)?ld|collect2)[^/\]*( |$)]
  ignore line: [Change Dir: /home/joao/CLionProjects/testandocpp/cmake-build-debug/CMakeFiles/CMakeTmp]
  ignore line: []
  ignore line: [Run Build Command(s):/usr/bin/gmake cmTC_7b359/fast && /usr/bin/gmake -f CMakeFiles/cmTC_7b359.dir/build.make CMakeFiles/cmTC_7b359.dir/build]
  ignore line: [gmake[1]: Entering directory '/home/joao/CLionProjects/testandocpp/cmake-build-debug/CMakeFiles/CMakeTmp']
  ignore line: [Building C object CMakeFiles/cmTC_7b359.dir/CMakeCCompilerABI.c.o]
  ignore line: [/usr/bin/cc   -v -o CMakeFiles/cmTC_7b359.dir/CMakeCCompilerABI.c.o   -c /opt/clion/bin/cmake/linux/share/cmake-3.15/Modules/CMakeCCompilerABI.c]
  ignore line: [Using built-in specs.]
  ignore line: [COLLECT_GCC=/usr/bin/cc]
  ignore line: [Target: x86_64-solus-linux]
  ignore line: [Configured with: ../configure --prefix=/usr --with-pkgversion=Solus --libdir=/usr/lib64 --libexecdir=/usr/lib64 --with-system-zlib --enable-shared --enable-threads=posix --enable-gnu-indirect-function --enable-__cxa_atexit --enable-plugin --enable-gold --enable-ld=default --enable-clocale=gnu --enable-multilib --with-multilib-list=m32,m64 --enable-lto --with-gcc-major-version-only --with-bugurl=https://dev.getsol.us/ --with-arch_32=i686 --enable-linker-build-id --with-linker-hash-style=gnu --with-gnu-ld --build=x86_64-solus-linux --target=x86_64-solus-linux --enable-languages=c,c++,fortran]
  ignore line: [Thread model: posix]
  ignore line: [gcc version 9.2.0 (Solus) ]
  ignore line: [COLLECT_GCC_OPTIONS='-v' '-o' 'CMakeFiles/cmTC_7b359.dir/CMakeCCompilerABI.c.o' '-c' '-mtune=generic' '-march=x86-64']
  ignore line: [ /usr/lib64/gcc/x86_64-solus-linux/9/cc1 -quiet -v /opt/clion/bin/cmake/linux/share/cmake-3.15/Modules/CMakeCCompilerABI.c -quiet -dumpbase CMakeCCompilerABI.c -mtune=generic -march=x86-64 -auxbase-strip CMakeFiles/cmTC_7b359.dir/CMakeCCompilerABI.c.o -version -o /tmp/ccAJKRRy.s]
  ignore line: [GNU C17 (Solus) version 9.2.0 (x86_64-solus-linux)]
  ignore line: [	compiled by GNU C version 9.2.0, GMP version 6.1.2, MPFR version 4.0.2, MPC version 1.1.0, isl version isl-0.21-GMP]
  ignore line: []
  ignore line: [GGC heuristics: --param ggc-min-expand=100 --param ggc-min-heapsize=131072]
  ignore line: [ignoring nonexistent directory "/usr/local/include"]
  ignore line: [ignoring nonexistent directory "/usr/lib64/gcc/x86_64-solus-linux/9/../../../../x86_64-solus-linux/include"]
  ignore line: [#include "..." search starts here:]
  ignore line: [#include <...> search starts here:]
  ignore line: [ /usr/lib64/gcc/x86_64-solus-linux/9/include]
  ignore line: [ /usr/lib64/gcc/x86_64-solus-linux/9/include-fixed]
  ignore line: [ /usr/include]
  ignore line: [End of search list.]
  ignore line: [GNU C17 (Solus) version 9.2.0 (x86_64-solus-linux)]
  ignore line: [	compiled by GNU C version 9.2.0, GMP version 6.1.2, MPFR version 4.0.2, MPC version 1.1.0, isl version isl-0.21-GMP]
  ignore line: []
  ignore line: [GGC heuristics: --param ggc-min-expand=100 --param ggc-min-heapsize=131072]
  ignore line: [Compiler executable checksum: c5ab9092c676a712230a4d7751f4b934]
  ignore line: [COLLECT_GCC_OPTIONS='-v' '-o' 'CMakeFiles/cmTC_7b359.dir/CMakeCCompilerABI.c.o' '-c' '-mtune=generic' '-march=x86-64']
  ignore line: [ as -v --64 -o CMakeFiles/cmTC_7b359.dir/CMakeCCompilerABI.c.o /tmp/ccAJKRRy.s]
  ignore line: [GNU assembler version 2.32 (x86_64-solus-linux) using BFD version (GNU Binutils) 2.32]
  ignore line: [COMPILER_PATH=/usr/lib64/gcc/x86_64-solus-linux/9/:/usr/lib64/gcc/x86_64-solus-linux/9/:/usr/lib64/gcc/x86_64-solus-linux/:/usr/lib64/gcc/x86_64-solus-linux/9/:/usr/lib64/gcc/x86_64-solus-linux/]
  ignore line: [LIBRARY_PATH=/usr/lib64/gcc/x86_64-solus-linux/9/:/usr/lib64/gcc/x86_64-solus-linux/9/../../../../lib64/:/lib/../lib64/:/usr/lib/../lib64/:/usr/lib64/gcc/x86_64-solus-linux/9/../../../:/lib/:/usr/lib/]
  ignore line: [COLLECT_GCC_OPTIONS='-v' '-o' 'CMakeFiles/cmTC_7b359.dir/CMakeCCompilerABI.c.o' '-c' '-mtune=generic' '-march=x86-64']
  ignore line: [Linking C executable cmTC_7b359]
  ignore line: [/opt/clion/bin/cmake/linux/bin/cmake -E cmake_link_script CMakeFiles/cmTC_7b359.dir/link.txt --verbose=1]
  ignore line: [/usr/bin/cc     -v CMakeFiles/cmTC_7b359.dir/CMakeCCompilerABI.c.o  -o cmTC_7b359 ]
  ignore line: [Using built-in specs.]
  ignore line: [COLLECT_GCC=/usr/bin/cc]
  ignore line: [COLLECT_LTO_WRAPPER=/usr/lib64/gcc/x86_64-solus-linux/9/lto-wrapper]
  ignore line: [Target: x86_64-solus-linux]
  ignore line: [Configured with: ../configure --prefix=/usr --with-pkgversion=Solus --libdir=/usr/lib64 --libexecdir=/usr/lib64 --with-system-zlib --enable-shared --enable-threads=posix --enable-gnu-indirect-function --enable-__cxa_atexit --enable-plugin --enable-gold --enable-ld=default --enable-clocale=gnu --enable-multilib --with-multilib-list=m32,m64 --enable-lto --with-gcc-major-version-only --with-bugurl=https://dev.getsol.us/ --with-arch_32=i686 --enable-linker-build-id --with-linker-hash-style=gnu --with-gnu-ld --build=x86_64-solus-linux --target=x86_64-solus-linux --enable-languages=c,c++,fortran]
  ignore line: [Thread model: posix]
  ignore line: [gcc version 9.2.0 (Solus) ]
  ignore line: [COMPILER_PATH=/usr/lib64/gcc/x86_64-solus-linux/9/:/usr/lib64/gcc/x86_64-solus-linux/9/:/usr/lib64/gcc/x86_64-solus-linux/:/usr/lib64/gcc/x86_64-solus-linux/9/:/usr/lib64/gcc/x86_64-solus-linux/]
  ignore line: [LIBRARY_PATH=/usr/lib64/gcc/x86_64-solus-linux/9/:/usr/lib64/gcc/x86_64-solus-linux/9/../../../../lib64/:/lib/../lib64/:/usr/lib/../lib64/:/usr/lib64/gcc/x86_64-solus-linux/9/../../../:/lib/:/usr/lib/]
  ignore line: [COLLECT_GCC_OPTIONS='-v' '-o' 'cmTC_7b359' '-mtune=generic' '-march=x86-64']
  link line: [ /usr/lib64/gcc/x86_64-solus-linux/9/collect2 -plugin /usr/lib64/gcc/x86_64-solus-linux/9/liblto_plugin.so -plugin-opt=/usr/lib64/gcc/x86_64-solus-linux/9/lto-wrapper -plugin-opt=-fresolution=/tmp/cc9HV2hC.res -plugin-opt=-pass-through=-lgcc -plugin-opt=-pass-through=-lgcc_s -plugin-opt=-pass-through=-lc -plugin-opt=-pass-through=-lgcc -plugin-opt=-pass-through=-lgcc_s --build-id --eh-frame-hdr --hash-style=gnu -m elf_x86_64 -dynamic-linker /usr/lib64/ld-linux-x86-64.so.2 -o cmTC_7b359 /usr/lib64/gcc/x86_64-solus-linux/9/../../../../lib64/crt1.o /usr/lib64/gcc/x86_64-solus-linux/9/../../../../lib64/crti.o /usr/lib64/gcc/x86_64-solus-linux/9/crtbegin.o -L/usr/lib64/gcc/x86_64-solus-linux/9 -L/usr/lib64/gcc/x86_64-solus-linux/9/../../../../lib64 -L/lib/../lib64 -L/usr/lib/../lib64 -L/usr/lib64/gcc/x86_64-solus-linux/9/../../.. CMakeFiles/cmTC_7b359.dir/CMakeCCompilerABI.c.o -lgcc --push-state --as-needed -lgcc_s --pop-state -lc -lgcc --push-state --as-needed -lgcc_s --pop-state /usr/lib64/gcc/x86_64-solus-linux/9/crtend.o /usr/lib64/gcc/x86_64-solus-linux/9/../../../../lib64/crtn.o]
    arg [/usr/lib64/gcc/x86_64-solus-linux/9/collect2] ==> ignore
    arg [-plugin] ==> ignore
    arg [/usr/lib64/gcc/x86_64-solus-linux/9/liblto_plugin.so] ==> ignore
    arg [-plugin-opt=/usr/lib64/gcc/x86_64-solus-linux/9/lto-wrapper] ==> ignore
    arg [-plugin-opt=-fresolution=/tmp/cc9HV2hC.res] ==> ignore
    arg [-plugin-opt=-pass-through=-lgcc] ==> ignore
    arg [-plugin-opt=-pass-through=-lgcc_s] ==> ignore
    arg [-plugin-opt=-pass-through=-lc] ==> ignore
    arg [-plugin-opt=-pass-through=-lgcc] ==> ignore
    arg [-plugin-opt=-pass-through=-lgcc_s] ==> ignore
    arg [--build-id] ==> ignore
    arg [--eh-frame-hdr] ==> ignore
    arg [--hash-style=gnu] ==> ignore
    arg [-m] ==> ignore
    arg [elf_x86_64] ==> ignore
    arg [-dynamic-linker] ==> ignore
    arg [/usr/lib64/ld-linux-x86-64.so.2] ==> ignore
    arg [-o] ==> ignore
    arg [cmTC_7b359] ==> ignore
    arg [/usr/lib64/gcc/x86_64-solus-linux/9/../../../../lib64/crt1.o] ==> ignore
    arg [/usr/lib64/gcc/x86_64-solus-linux/9/../../../../lib64/crti.o] ==> ignore
    arg [/usr/lib64/gcc/x86_64-solus-linux/9/crtbegin.o] ==> ignore
    arg [-L/usr/lib64/gcc/x86_64-solus-linux/9] ==> dir [/usr/lib64/gcc/x86_64-solus-linux/9]
    arg [-L/usr/lib64/gcc/x86_64-solus-linux/9/../../../../lib64] ==> dir [/usr/lib64/gcc/x86_64-solus-linux/9/../../../../lib64]
    arg [-L/lib/../lib64] ==> dir [/lib/../lib64]
    arg [-L/usr/lib/../lib64] ==> dir [/usr/lib/../lib64]
    arg [-L/usr/lib64/gcc/x86_64-solus-linux/9/../../..] ==> dir [/usr/lib64/gcc/x86_64-solus-linux/9/../../..]
    arg [CMakeFiles/cmTC_7b359.dir/CMakeCCompilerABI.c.o] ==> ignore
    arg [-lgcc] ==> lib [gcc]
    arg [--push-state] ==> ignore
    arg [--as-needed] ==> ignore
    arg [-lgcc_s] ==> lib [gcc_s]
    arg [--pop-state] ==> ignore
    arg [-lc] ==> lib [c]
    arg [-lgcc] ==> lib [gcc]
    arg [--push-state] ==> ignore
    arg [--as-needed] ==> ignore
    arg [-lgcc_s] ==> lib [gcc_s]
    arg [--pop-state] ==> ignore
    arg [/usr/lib64/gcc/x86_64-solus-linux/9/crtend.o] ==> ignore
    arg [/usr/lib64/gcc/x86_64-solus-linux/9/../../../../lib64/crtn.o] ==> ignore
  collapse library dir [/usr/lib64/gcc/x86_64-solus-linux/9] ==> [/usr/lib64/gcc/x86_64-solus-linux/9]
  collapse library dir [/usr/lib64/gcc/x86_64-solus-linux/9/../../../../lib64] ==> [/usr/lib64]
  collapse library dir [/lib/../lib64] ==> [/lib64]
  collapse library dir [/usr/lib/../lib64] ==> [/usr/lib64]
  collapse library dir [/usr/lib64/gcc/x86_64-solus-linux/9/../../..] ==> [/usr/lib64]
  implicit libs: [gcc;gcc_s;c;gcc;gcc_s]
  implicit dirs: [/usr/lib64/gcc/x86_64-solus-linux/9;/usr/lib64;/lib64]
  implicit fwks: []


Determining if the CXX compiler works passed with the following output:
Change Dir: /home/joao/CLionProjects/testandocpp/cmake-build-debug/CMakeFiles/CMakeTmp

Run Build Command(s):/usr/bin/gmake cmTC_20f0d/fast && /usr/bin/gmake -f CMakeFiles/cmTC_20f0d.dir/build.make CMakeFiles/cmTC_20f0d.dir/build
gmake[1]: Entering directory '/home/joao/CLionProjects/testandocpp/cmake-build-debug/CMakeFiles/CMakeTmp'
Building CXX object CMakeFiles/cmTC_20f0d.dir/testCXXCompiler.cxx.o
/usr/bin/c++     -o CMakeFiles/cmTC_20f0d.dir/testCXXCompiler.cxx.o -c /home/joao/CLionProjects/testandocpp/cmake-build-debug/CMakeFiles/CMakeTmp/testCXXCompiler.cxx
Linking CXX executable cmTC_20f0d
/opt/clion/bin/cmake/linux/bin/cmake -E cmake_link_script CMakeFiles/cmTC_20f0d.dir/link.txt --verbose=1
/usr/bin/c++       CMakeFiles/cmTC_20f0d.dir/testCXXCompiler.cxx.o  -o cmTC_20f0d 
gmake[1]: Leaving directory '/home/joao/CLionProjects/testandocpp/cmake-build-debug/CMakeFiles/CMakeTmp'



Detecting CXX compiler ABI info compiled with the following output:
Change Dir: /home/joao/CLionProjects/testandocpp/cmake-build-debug/CMakeFiles/CMakeTmp

Run Build Command(s):/usr/bin/gmake cmTC_286bd/fast && /usr/bin/gmake -f CMakeFiles/cmTC_286bd.dir/build.make CMakeFiles/cmTC_286bd.dir/build
gmake[1]: Entering directory '/home/joao/CLionProjects/testandocpp/cmake-build-debug/CMakeFiles/CMakeTmp'
Building CXX object CMakeFiles/cmTC_286bd.dir/CMakeCXXCompilerABI.cpp.o
/usr/bin/c++    -v -o CMakeFiles/cmTC_286bd.dir/CMakeCXXCompilerABI.cpp.o -c /opt/clion/bin/cmake/linux/share/cmake-3.15/Modules/CMakeCXXCompilerABI.cpp
Using built-in specs.
COLLECT_GCC=/usr/bin/c++
Target: x86_64-solus-linux
Configured with: ../configure --prefix=/usr --with-pkgversion=Solus --libdir=/usr/lib64 --libexecdir=/usr/lib64 --with-system-zlib --enable-shared --enable-threads=posix --enable-gnu-indirect-function --enable-__cxa_atexit --enable-plugin --enable-gold --enable-ld=default --enable-clocale=gnu --enable-multilib --with-multilib-list=m32,m64 --enable-lto --with-gcc-major-version-only --with-bugurl=https://dev.getsol.us/ --with-arch_32=i686 --enable-linker-build-id --with-linker-hash-style=gnu --with-gnu-ld --build=x86_64-solus-linux --target=x86_64-solus-linux --enable-languages=c,c++,fortran
Thread model: posix
gcc version 9.2.0 (Solus) 
COLLECT_GCC_OPTIONS='-v' '-o' 'CMakeFiles/cmTC_286bd.dir/CMakeCXXCompilerABI.cpp.o' '-c' '-shared-libgcc' '-mtune=generic' '-march=x86-64'
 /usr/lib64/gcc/x86_64-solus-linux/9/cc1plus -quiet -v -D_GNU_SOURCE /opt/clion/bin/cmake/linux/share/cmake-3.15/Modules/CMakeCXXCompilerABI.cpp -quiet -dumpbase CMakeCXXCompilerABI.cpp -mtune=generic -march=x86-64 -auxbase-strip CMakeFiles/cmTC_286bd.dir/CMakeCXXCompilerABI.cpp.o -version -o /tmp/ccwnuI5N.s
GNU C++14 (Solus) version 9.2.0 (x86_64-solus-linux)
	compiled by GNU C version 9.2.0, GMP version 6.1.2, MPFR version 4.0.2, MPC version 1.1.0, isl version isl-0.21-GMP

GGC heuristics: --param ggc-min-expand=100 --param ggc-min-heapsize=131072
ignoring nonexistent directory "/usr/local/include"
ignoring nonexistent directory "/usr/lib64/gcc/x86_64-solus-linux/9/../../../../x86_64-solus-linux/include"
#include "..." search starts here:
#include <...> search starts here:
 /usr/lib64/gcc/x86_64-solus-linux/9/../../../../include/c++/9
 /usr/lib64/gcc/x86_64-solus-linux/9/../../../../include/c++/9/x86_64-solus-linux
 /usr/lib64/gcc/x86_64-solus-linux/9/../../../../include/c++/9/backward
 /usr/lib64/gcc/x86_64-solus-linux/9/include
 /usr/lib64/gcc/x86_64-solus-linux/9/include-fixed
 /usr/include
End of search list.
GNU C++14 (Solus) version 9.2.0 (x86_64-solus-linux)
	compiled by GNU C version 9.2.0, GMP version 6.1.2, MPFR version 4.0.2, MPC version 1.1.0, isl version isl-0.21-GMP

GGC heuristics: --param ggc-min-expand=100 --param ggc-min-heapsize=131072
Compiler executable checksum: 5fc5a0c63917e0b4a009dae6726c0688
COLLECT_GCC_OPTIONS='-v' '-o' 'CMakeFiles/cmTC_286bd.dir/CMakeCXXCompilerABI.cpp.o' '-c' '-shared-libgcc' '-mtune=generic' '-march=x86-64'
 as -v --64 -o CMakeFiles/cmTC_286bd.dir/CMakeCXXCompilerABI.cpp.o /tmp/ccwnuI5N.s
GNU assembler version 2.32 (x86_64-solus-linux) using BFD version (GNU Binutils) 2.32
COMPILER_PATH=/usr/lib64/gcc/x86_64-solus-linux/9/:/usr/lib64/gcc/x86_64-solus-linux/9/:/usr/lib64/gcc/x86_64-solus-linux/:/usr/lib64/gcc/x86_64-solus-linux/9/:/usr/lib64/gcc/x86_64-solus-linux/
LIBRARY_PATH=/usr/lib64/gcc/x86_64-solus-linux/9/:/usr/lib64/gcc/x86_64-solus-linux/9/../../../../lib64/:/lib/../lib64/:/usr/lib/../lib64/:/usr/lib64/gcc/x86_64-solus-linux/9/../../../:/lib/:/usr/lib/
COLLECT_GCC_OPTIONS='-v' '-o' 'CMakeFiles/cmTC_286bd.dir/CMakeCXXCompilerABI.cpp.o' '-c' '-shared-libgcc' '-mtune=generic' '-march=x86-64'
Linking CXX executable cmTC_286bd
/opt/clion/bin/cmake/linux/bin/cmake -E cmake_link_script CMakeFiles/cmTC_286bd.dir/link.txt --verbose=1
/usr/bin/c++      -v CMakeFiles/cmTC_286bd.dir/CMakeCXXCompilerABI.cpp.o  -o cmTC_286bd 
Using built-in specs.
COLLECT_GCC=/usr/bin/c++
COLLECT_LTO_WRAPPER=/usr/lib64/gcc/x86_64-solus-linux/9/lto-wrapper
Target: x86_64-solus-linux
Configured with: ../configure --prefix=/usr --with-pkgversion=Solus --libdir=/usr/lib64 --libexecdir=/usr/lib64 --with-system-zlib --enable-shared --enable-threads=posix --enable-gnu-indirect-function --enable-__cxa_atexit --enable-plugin --enable-gold --enable-ld=default --enable-clocale=gnu --enable-multilib --with-multilib-list=m32,m64 --enable-lto --with-gcc-major-version-only --with-bugurl=https://dev.getsol.us/ --with-arch_32=i686 --enable-linker-build-id --with-linker-hash-style=gnu --with-gnu-ld --build=x86_64-solus-linux --target=x86_64-solus-linux --enable-languages=c,c++,fortran
Thread model: posix
gcc version 9.2.0 (Solus) 
COMPILER_PATH=/usr/lib64/gcc/x86_64-solus-linux/9/:/usr/lib64/gcc/x86_64-solus-linux/9/:/usr/lib64/gcc/x86_64-solus-linux/:/usr/lib64/gcc/x86_64-solus-linux/9/:/usr/lib64/gcc/x86_64-solus-linux/
LIBRARY_PATH=/usr/lib64/gcc/x86_64-solus-linux/9/:/usr/lib64/gcc/x86_64-solus-linux/9/../../../../lib64/:/lib/../lib64/:/usr/lib/../lib64/:/usr/lib64/gcc/x86_64-solus-linux/9/../../../:/lib/:/usr/lib/
COLLECT_GCC_OPTIONS='-v' '-o' 'cmTC_286bd' '-shared-libgcc' '-mtune=generic' '-march=x86-64'
 /usr/lib64/gcc/x86_64-solus-linux/9/collect2 -plugin /usr/lib64/gcc/x86_64-solus-linux/9/liblto_plugin.so -plugin-opt=/usr/lib64/gcc/x86_64-solus-linux/9/lto-wrapper -plugin-opt=-fresolution=/tmp/cc5jMSBN.res -plugin-opt=-pass-through=-lgcc_s -plugin-opt=-pass-through=-lgcc -plugin-opt=-pass-through=-lc -plugin-opt=-pass-through=-lgcc_s -plugin-opt=-pass-through=-lgcc --build-id --eh-frame-hdr --hash-style=gnu -m elf_x86_64 -dynamic-linker /usr/lib64/ld-linux-x86-64.so.2 -o cmTC_286bd /usr/lib64/gcc/x86_64-solus-linux/9/../../../../lib64/crt1.o /usr/lib64/gcc/x86_64-solus-linux/9/../../../../lib64/crti.o /usr/lib64/gcc/x86_64-solus-linux/9/crtbegin.o -L/usr/lib64/gcc/x86_64-solus-linux/9 -L/usr/lib64/gcc/x86_64-solus-linux/9/../../../../lib64 -L/lib/../lib64 -L/usr/lib/../lib64 -L/usr/lib64/gcc/x86_64-solus-linux/9/../../.. CMakeFiles/cmTC_286bd.dir/CMakeCXXCompilerABI.cpp.o -lstdc++ -lm -lgcc_s -lgcc -lc -lgcc_s -lgcc /usr/lib64/gcc/x86_64-solus-linux/9/crtend.o /usr/lib64/gcc/x86_64-solus-linux/9/../../../../lib64/crtn.o
COLLECT_GCC_OPTIONS='-v' '-o' 'cmTC_286bd' '-shared-libgcc' '-mtune=generic' '-march=x86-64'
gmake[1]: Leaving directory '/home/joao/CLionProjects/testandocpp/cmake-build-debug/CMakeFiles/CMakeTmp'



Parsed CXX implicit include dir info from above output: rv=done
  found start of include info
  found start of implicit include info
    add: [/usr/lib64/gcc/x86_64-solus-linux/9/../../../../include/c++/9]
    add: [/usr/lib64/gcc/x86_64-solus-linux/9/../../../../include/c++/9/x86_64-solus-linux]
    add: [/usr/lib64/gcc/x86_64-solus-linux/9/../../../../include/c++/9/backward]
    add: [/usr/lib64/gcc/x86_64-solus-linux/9/include]
    add: [/usr/lib64/gcc/x86_64-solus-linux/9/include-fixed]
    add: [/usr/include]
  end of search list found
  collapse include dir [/usr/lib64/gcc/x86_64-solus-linux/9/../../../../include/c++/9] ==> [/usr/include/c++/9]
  collapse include dir [/usr/lib64/gcc/x86_64-solus-linux/9/../../../../include/c++/9/x86_64-solus-linux] ==> [/usr/include/c++/9/x86_64-solus-linux]
  collapse include dir [/usr/lib64/gcc/x86_64-solus-linux/9/../../../../include/c++/9/backward] ==> [/usr/include/c++/9/backward]
  collapse include dir [/usr/lib64/gcc/x86_64-solus-linux/9/include] ==> [/usr/lib64/gcc/x86_64-solus-linux/9/include]
  collapse include dir [/usr/lib64/gcc/x86_64-solus-linux/9/include-fixed] ==> [/usr/lib64/gcc/x86_64-solus-linux/9/include-fixed]
  collapse include dir [/usr/include] ==> [/usr/include]
  implicit include dirs: [/usr/include/c++/9;/usr/include/c++/9/x86_64-solus-linux;/usr/include/c++/9/backward;/usr/lib64/gcc/x86_64-solus-linux/9/include;/usr/lib64/gcc/x86_64-solus-linux/9/include-fixed;/usr/include]


Parsed CXX implicit link information from above output:
  link line regex: [^( *|.*[/\])(ld|CMAKE_LINK_STARTFILE-NOTFOUND|([^/\]+-)?ld|collect2)[^/\]*( |$)]
  ignore line: [Change Dir: /home/joao/CLionProjects/testandocpp/cmake-build-debug/CMakeFiles/CMakeTmp]
  ignore line: []
  ignore line: [Run Build Command(s):/usr/bin/gmake cmTC_286bd/fast && /usr/bin/gmake -f CMakeFiles/cmTC_286bd.dir/build.make CMakeFiles/cmTC_286bd.dir/build]
  ignore line: [gmake[1]: Entering directory '/home/joao/CLionProjects/testandocpp/cmake-build-debug/CMakeFiles/CMakeTmp']
  ignore line: [Building CXX object CMakeFiles/cmTC_286bd.dir/CMakeCXXCompilerABI.cpp.o]
  ignore line: [/usr/bin/c++    -v -o CMakeFiles/cmTC_286bd.dir/CMakeCXXCompilerABI.cpp.o -c /opt/clion/bin/cmake/linux/share/cmake-3.15/Modules/CMakeCXXCompilerABI.cpp]
  ignore line: [Using built-in specs.]
  ignore line: [COLLECT_GCC=/usr/bin/c++]
  ignore line: [Target: x86_64-solus-linux]
  ignore line: [Configured with: ../configure --prefix=/usr --with-pkgversion=Solus --libdir=/usr/lib64 --libexecdir=/usr/lib64 --with-system-zlib --enable-shared --enable-threads=posix --enable-gnu-indirect-function --enable-__cxa_atexit --enable-plugin --enable-gold --enable-ld=default --enable-clocale=gnu --enable-multilib --with-multilib-list=m32,m64 --enable-lto --with-gcc-major-version-only --with-bugurl=https://dev.getsol.us/ --with-arch_32=i686 --enable-linker-build-id --with-linker-hash-style=gnu --with-gnu-ld --build=x86_64-solus-linux --target=x86_64-solus-linux --enable-languages=c,c++,fortran]
  ignore line: [Thread model: posix]
  ignore line: [gcc version 9.2.0 (Solus) ]
  ignore line: [COLLECT_GCC_OPTIONS='-v' '-o' 'CMakeFiles/cmTC_286bd.dir/CMakeCXXCompilerABI.cpp.o' '-c' '-shared-libgcc' '-mtune=generic' '-march=x86-64']
  ignore line: [ /usr/lib64/gcc/x86_64-solus-linux/9/cc1plus -quiet -v -D_GNU_SOURCE /opt/clion/bin/cmake/linux/share/cmake-3.15/Modules/CMakeCXXCompilerABI.cpp -quiet -dumpbase CMakeCXXCompilerABI.cpp -mtune=generic -march=x86-64 -auxbase-strip CMakeFiles/cmTC_286bd.dir/CMakeCXXCompilerABI.cpp.o -version -o /tmp/ccwnuI5N.s]
  ignore line: [GNU C++14 (Solus) version 9.2.0 (x86_64-solus-linux)]
  ignore line: [	compiled by GNU C version 9.2.0, GMP version 6.1.2, MPFR version 4.0.2, MPC version 1.1.0, isl version isl-0.21-GMP]
  ignore line: []
  ignore line: [GGC heuristics: --param ggc-min-expand=100 --param ggc-min-heapsize=131072]
  ignore line: [ignoring nonexistent directory "/usr/local/include"]
  ignore line: [ignoring nonexistent directory "/usr/lib64/gcc/x86_64-solus-linux/9/../../../../x86_64-solus-linux/include"]
  ignore line: [#include "..." search starts here:]
  ignore line: [#include <...> search starts here:]
  ignore line: [ /usr/lib64/gcc/x86_64-solus-linux/9/../../../../include/c++/9]
  ignore line: [ /usr/lib64/gcc/x86_64-solus-linux/9/../../../../include/c++/9/x86_64-solus-linux]
  ignore line: [ /usr/lib64/gcc/x86_64-solus-linux/9/../../../../include/c++/9/backward]
  ignore line: [ /usr/lib64/gcc/x86_64-solus-linux/9/include]
  ignore line: [ /usr/lib64/gcc/x86_64-solus-linux/9/include-fixed]
  ignore line: [ /usr/include]
  ignore line: [End of search list.]
  ignore line: [GNU C++14 (Solus) version 9.2.0 (x86_64-solus-linux)]
  ignore line: [	compiled by GNU C version 9.2.0, GMP version 6.1.2, MPFR version 4.0.2, MPC version 1.1.0, isl version isl-0.21-GMP]
  ignore line: []
  ignore line: [GGC heuristics: --param ggc-min-expand=100 --param ggc-min-heapsize=131072]
  ignore line: [Compiler executable checksum: 5fc5a0c63917e0b4a009dae6726c0688]
  ignore line: [COLLECT_GCC_OPTIONS='-v' '-o' 'CMakeFiles/cmTC_286bd.dir/CMakeCXXCompilerABI.cpp.o' '-c' '-shared-libgcc' '-mtune=generic' '-march=x86-64']
  ignore line: [ as -v --64 -o CMakeFiles/cmTC_286bd.dir/CMakeCXXCompilerABI.cpp.o /tmp/ccwnuI5N.s]
  ignore line: [GNU assembler version 2.32 (x86_64-solus-linux) using BFD version (GNU Binutils) 2.32]
  ignore line: [COMPILER_PATH=/usr/lib64/gcc/x86_64-solus-linux/9/:/usr/lib64/gcc/x86_64-solus-linux/9/:/usr/lib64/gcc/x86_64-solus-linux/:/usr/lib64/gcc/x86_64-solus-linux/9/:/usr/lib64/gcc/x86_64-solus-linux/]
  ignore line: [LIBRARY_PATH=/usr/lib64/gcc/x86_64-solus-linux/9/:/usr/lib64/gcc/x86_64-solus-linux/9/../../../../lib64/:/lib/../lib64/:/usr/lib/../lib64/:/usr/lib64/gcc/x86_64-solus-linux/9/../../../:/lib/:/usr/lib/]
  ignore line: [COLLECT_GCC_OPTIONS='-v' '-o' 'CMakeFiles/cmTC_286bd.dir/CMakeCXXCompilerABI.cpp.o' '-c' '-shared-libgcc' '-mtune=generic' '-march=x86-64']
  ignore line: [Linking CXX executable cmTC_286bd]
  ignore line: [/opt/clion/bin/cmake/linux/bin/cmake -E cmake_link_script CMakeFiles/cmTC_286bd.dir/link.txt --verbose=1]
  ignore line: [/usr/bin/c++      -v CMakeFiles/cmTC_286bd.dir/CMakeCXXCompilerABI.cpp.o  -o cmTC_286bd ]
  ignore line: [Using built-in specs.]
  ignore line: [COLLECT_GCC=/usr/bin/c++]
  ignore line: [COLLECT_LTO_WRAPPER=/usr/lib64/gcc/x86_64-solus-linux/9/lto-wrapper]
  ignore line: [Target: x86_64-solus-linux]
  ignore line: [Configured with: ../configure --prefix=/usr --with-pkgversion=Solus --libdir=/usr/lib64 --libexecdir=/usr/lib64 --with-system-zlib --enable-shared --enable-threads=posix --enable-gnu-indirect-function --enable-__cxa_atexit --enable-plugin --enable-gold --enable-ld=default --enable-clocale=gnu --enable-multilib --with-multilib-list=m32,m64 --enable-lto --with-gcc-major-version-only --with-bugurl=https://dev.getsol.us/ --with-arch_32=i686 --enable-linker-build-id --with-linker-hash-style=gnu --with-gnu-ld --build=x86_64-solus-linux --target=x86_64-solus-linux --enable-languages=c,c++,fortran]
  ignore line: [Thread model: posix]
  ignore line: [gcc version 9.2.0 (Solus) ]
  ignore line: [COMPILER_PATH=/usr/lib64/gcc/x86_64-solus-linux/9/:/usr/lib64/gcc/x86_64-solus-linux/9/:/usr/lib64/gcc/x86_64-solus-linux/:/usr/lib64/gcc/x86_64-solus-linux/9/:/usr/lib64/gcc/x86_64-solus-linux/]
  ignore line: [LIBRARY_PATH=/usr/lib64/gcc/x86_64-solus-linux/9/:/usr/lib64/gcc/x86_64-solus-linux/9/../../../../lib64/:/lib/../lib64/:/usr/lib/../lib64/:/usr/lib64/gcc/x86_64-solus-linux/9/../../../:/lib/:/usr/lib/]
  ignore line: [COLLECT_GCC_OPTIONS='-v' '-o' 'cmTC_286bd' '-shared-libgcc' '-mtune=generic' '-march=x86-64']
  link line: [ /usr/lib64/gcc/x86_64-solus-linux/9/collect2 -plugin /usr/lib64/gcc/x86_64-solus-linux/9/liblto_plugin.so -plugin-opt=/usr/lib64/gcc/x86_64-solus-linux/9/lto-wrapper -plugin-opt=-fresolution=/tmp/cc5jMSBN.res -plugin-opt=-pass-through=-lgcc_s -plugin-opt=-pass-through=-lgcc -plugin-opt=-pass-through=-lc -plugin-opt=-pass-through=-lgcc_s -plugin-opt=-pass-through=-lgcc --build-id --eh-frame-hdr --hash-style=gnu -m elf_x86_64 -dynamic-linker /usr/lib64/ld-linux-x86-64.so.2 -o cmTC_286bd /usr/lib64/gcc/x86_64-solus-linux/9/../../../../lib64/crt1.o /usr/lib64/gcc/x86_64-solus-linux/9/../../../../lib64/crti.o /usr/lib64/gcc/x86_64-solus-linux/9/crtbegin.o -L/usr/lib64/gcc/x86_64-solus-linux/9 -L/usr/lib64/gcc/x86_64-solus-linux/9/../../../../lib64 -L/lib/../lib64 -L/usr/lib/../lib64 -L/usr/lib64/gcc/x86_64-solus-linux/9/../../.. CMakeFiles/cmTC_286bd.dir/CMakeCXXCompilerABI.cpp.o -lstdc++ -lm -lgcc_s -lgcc -lc -lgcc_s -lgcc /usr/lib64/gcc/x86_64-solus-linux/9/crtend.o /usr/lib64/gcc/x86_64-solus-linux/9/../../../../lib64/crtn.o]
    arg [/usr/lib64/gcc/x86_64-solus-linux/9/collect2] ==> ignore
    arg [-plugin] ==> ignore
    arg [/usr/lib64/gcc/x86_64-solus-linux/9/liblto_plugin.so] ==> ignore
    arg [-plugin-opt=/usr/lib64/gcc/x86_64-solus-linux/9/lto-wrapper] ==> ignore
    arg [-plugin-opt=-fresolution=/tmp/cc5jMSBN.res] ==> ignore
    arg [-plugin-opt=-pass-through=-lgcc_s] ==> ignore
    arg [-plugin-opt=-pass-through=-lgcc] ==> ignore
    arg [-plugin-opt=-pass-through=-lc] ==> ignore
    arg [-plugin-opt=-pass-through=-lgcc_s] ==> ignore
    arg [-plugin-opt=-pass-through=-lgcc] ==> ignore
    arg [--build-id] ==> ignore
    arg [--eh-frame-hdr] ==> ignore
    arg [--hash-style=gnu] ==> ignore
    arg [-m] ==> ignore
    arg [elf_x86_64] ==> ignore
    arg [-dynamic-linker] ==> ignore
    arg [/usr/lib64/ld-linux-x86-64.so.2] ==> ignore
    arg [-o] ==> ignore
    arg [cmTC_286bd] ==> ignore
    arg [/usr/lib64/gcc/x86_64-solus-linux/9/../../../../lib64/crt1.o] ==> ignore
    arg [/usr/lib64/gcc/x86_64-solus-linux/9/../../../../lib64/crti.o] ==> ignore
    arg [/usr/lib64/gcc/x86_64-solus-linux/9/crtbegin.o] ==> ignore
    arg [-L/usr/lib64/gcc/x86_64-solus-linux/9] ==> dir [/usr/lib64/gcc/x86_64-solus-linux/9]
    arg [-L/usr/lib64/gcc/x86_64-solus-linux/9/../../../../lib64] ==> dir [/usr/lib64/gcc/x86_64-solus-linux/9/../../../../lib64]
    arg [-L/lib/../lib64] ==> dir [/lib/../lib64]
    arg [-L/usr/lib/../lib64] ==> dir [/usr/lib/../lib64]
    arg [-L/usr/lib64/gcc/x86_64-solus-linux/9/../../..] ==> dir [/usr/lib64/gcc/x86_64-solus-linux/9/../../..]
    arg [CMakeFiles/cmTC_286bd.dir/CMakeCXXCompilerABI.cpp.o] ==> ignore
    arg [-lstdc++] ==> lib [stdc++]
    arg [-lm] ==> lib [m]
    arg [-lgcc_s] ==> lib [gcc_s]
    arg [-lgcc] ==> lib [gcc]
    arg [-lc] ==> lib [c]
    arg [-lgcc_s] ==> lib [gcc_s]
    arg [-lgcc] ==> lib [gcc]
    arg [/usr/lib64/gcc/x86_64-solus-linux/9/crtend.o] ==> ignore
    arg [/usr/lib64/gcc/x86_64-solus-linux/9/../../../../lib64/crtn.o] ==> ignore
  collapse library dir [/usr/lib64/gcc/x86_64-solus-linux/9] ==> [/usr/lib64/gcc/x86_64-solus-linux/9]
  collapse library dir [/usr/lib64/gcc/x86_64-solus-linux/9/../../../../lib64] ==> [/usr/lib64]
  collapse library dir [/lib/../lib64] ==> [/lib64]
  collapse library dir [/usr/lib/../lib64] ==> [/usr/lib64]
  collapse library dir [/usr/lib64/gcc/x86_64-solus-linux/9/../../..] ==> [/usr/lib64]
  implicit libs: [stdc++;m;gcc_s;gcc;c;gcc_s;gcc]
  implicit dirs: [/usr/lib64/gcc/x86_64-solus-linux/9;/usr/lib64;/lib64]
  implicit fwks: []


